ÇOKÖNEMLİ
https://github.com/IntelRealSense/librealsense/issues/6964#issuecomment-707501049

environment dosyasının içine: 
PATH="/usr/local/sbin:/usr/local/bin:/usr/sbin:/usr/bin:/sbin:/bin:/usr/games:/usr/local/games:/snap/bin"

"camera_publish = servo_serial_pkg.camera_publish:main",
"esc_subscriber = servo_serial_pkg.esc_subscriber:main",
"servo_subscriber = servo_serial_pkg.servo_subscriber:main"
        	
colcon build --packages-select tutorial_py_pkg --symlink-install

sudo usermod -a -G dialout atlas
arduino

$ export PYTHONPATH=$PYTHONPATH:/usr/local/lib/python3.8/pyrealsense2



sudo apt install libssl-dev

wget https://github.com/IntelRealSense/librealsense/archive/refs/tags/v2.48.0.zip
unzip v2.48.0.zip
cd librealsense-2.48.0
mkdir build && cd build

export LD_LIBRARY_PATH=$LD_LIBRARY_PATH:/usr/local/cuda/lib64:/usr/local/cuda/extras/CUPTI/lib64
export PATH=$PATH:$CUDA_HOME/bin

cmake ../ -DFORCE_RSUSB_BACKEND=ON -DBUILD_PYTHON_BINDINGS:bool=true -DPYTHON_EXECUTABLE=/usr/bin/python3
cmake ../ -DFORCE_RSUSB_BACKEND=ON -DBUILD_PYTHON_BINDINGS:bool=true -DPYTHON_EXECUTABLE=/usr/bin/python3 -DCMAKE_BUILD_TYPE=release -DBUILD_EXAMPLES=true -DBUILD_GRAPHICAL_EXAMPLES=true -DBUILD_WITH_CUDA:bool=true
make -j4
sudo make install

sudo cp config/99-realsense-libusb.rules /etc/udev/rules.d/
sudo udevadm control --reload-rules && udevadm trigger

rs-enumerate-devices


https://qengineering.eu/install-ubuntu-20.04-on-jetson-nano.html
nvidia,p3542-0000+p3448-0003nvidia,jetson-nano-2gbnvidia,jetson-nanonvidia,tegra210


https://github.com/IntelRealSense/librealsense/blob/master/doc/installation_jetson.md


[ 43%] Building CXX object wrappers/python/CMakeFiles/pybackend2.dir/pybackend.cpp.o
cd /home/atlas/Downloads/librealsense-2.50.0/build/wrappers/python && /usr/bin/c++  -DBUILD_EASYLOGGINGPP -DBUILD_SHARED_LIBS -DCHECK_FOR_UPDATES -DCOM_MULTITHREADED -DCURL_STATICLIB -DEASYLOGGINGPP_ASYNC -DELPP_NO_DEFAULT_LOG_FILE -DELPP_THREAD_SAFE -DHWM_OVER_XU -DPYBIND11_COMPILER_TYPE=\"_librs_abi\" -DRS2_USE_CUDA -DRS2_USE_LIBUVC_BACKEND -DSQLITE_HAVE_ISNAN -DUNICODE -Dpybackend2_EXPORTS -I/usr/local/cuda/include -isystem /home/atlas/Downloads/librealsense-2.50.0/build/third-party/pybind11/include -I/home/atlas/Downloads/librealsense-2.50.0/include -I/home/atlas/Downloads/librealsense-2.50.0/wrappers/python/../../src -isystem /usr/include/python3.6m -I/usr/include/libusb-1.0  -pedantic -g -Wno-missing-field-initializers -Wno-switch -Wno-multichar -Wsequence-point -Wformat -Wformat-security -mstrict-align -ftree-vectorize -pthread -O3 -DNDEBUG -fPIC -fvisibility=hidden   -flto -fno-fat-lto-objects -std=gnu++11 -o CMakeFiles/pybackend2.dir/pybackend.cpp.o -c /home/atlas/Downloads/librealsense-2.50.0/wrappers/python/pybackend.cpp
In file included from /home/atlas/Downloads/librealsense-2.50.0/build/third-party/pybind11/include/pybind11/pytypes.h:12:0,
                 from /home/atlas/Downloads/librealsense-2.50.0/build/third-party/pybind11/include/pybind11/cast.h:13,
                 from /home/atlas/Downloads/librealsense-2.50.0/build/third-party/pybind11/include/pybind11/attr.h:13,
                 from /home/atlas/Downloads/librealsense-2.50.0/build/third-party/pybind11/include/pybind11/pybind11.h:45,
                 from /home/atlas/Downloads/librealsense-2.50.0/wrappers/python/pybackend.cpp:4:
/home/atlas/Downloads/librealsense-2.50.0/build/third-party/pybind11/include/pybind11/detail/common.h:124:10: fatal error: Python.h: No such file or directory
 #include <Python.h>
          ^~~~~~~~~~
compilation terminated.
wrappers/python/CMakeFiles/pybackend2.dir/build.make:62: recipe for target 'wrappers/python/CMakeFiles/pybackend2.dir/pybackend.cpp.o' failed
make[2]: *** [wrappers/python/CMakeFiles/pybackend2.dir/pybackend.cpp.o] Error 1
make[2]: Leaving directory '/home/atlas/Downloads/librealsense-2.50.0/build'
CMakeFiles/Makefile2:269: recipe for target 'wrappers/python/CMakeFiles/pybackend2.dir/all' failed
make[1]: *** [wrappers/python/CMakeFiles/pybackend2.dir/all] Error 2
make[1]: Leaving directory '/home/atlas/Downloads/librealsense-2.50.0/build'
Makefile:129: recipe for target 'all' failed
make: *** [all] Error 2
